{"/Users/carlmolina/rithm/exercises/wk7/express-jobly/config.js": {"path":"/Users/carlmolina/rithm/exercises/wk7/express-jobly/config.js","statementMap":{"0":{"start":{"line":5,"column":0},"end":{"line":5,"column":27}},"1":{"start":{"line":6,"column":0},"end":{"line":6,"column":18}},"2":{"start":{"line":8,"column":19},"end":{"line":8,"column":57}},"3":{"start":{"line":10,"column":13},"end":{"line":10,"column":38}},"4":{"start":{"line":14,"column":2},"end":{"line":16,"column":58}},"5":{"start":{"line":21,"column":27},"end":{"line":21,"column":67}},"6":{"start":{"line":23,"column":0},"end":{"line":32,"column":1}},"7":{"start":{"line":24,"column":2},"end":{"line":31,"column":6}},"8":{"start":{"line":34,"column":0},"end":{"line":39,"column":2}}},"fnMap":{"0":{"name":"getDatabaseUri","decl":{"start":{"line":13,"column":9},"end":{"line":13,"column":23}},"loc":{"start":{"line":13,"column":26},"end":{"line":17,"column":1}},"line":13}},"branchMap":{"0":{"loc":{"start":{"line":8,"column":19},"end":{"line":8,"column":57}},"type":"binary-expr","locations":[{"start":{"line":8,"column":19},"end":{"line":8,"column":41}},{"start":{"line":8,"column":45},"end":{"line":8,"column":57}}],"line":8},"1":{"loc":{"start":{"line":10,"column":13},"end":{"line":10,"column":38}},"type":"binary-expr","locations":[{"start":{"line":10,"column":13},"end":{"line":10,"column":30}},{"start":{"line":10,"column":34},"end":{"line":10,"column":38}}],"line":10},"2":{"loc":{"start":{"line":14,"column":9},"end":{"line":16,"column":57}},"type":"cond-expr","locations":[{"start":{"line":15,"column":8},"end":{"line":15,"column":34}},{"start":{"line":16,"column":8},"end":{"line":16,"column":57}}],"line":14},"3":{"loc":{"start":{"line":16,"column":8},"end":{"line":16,"column":57}},"type":"binary-expr","locations":[{"start":{"line":16,"column":8},"end":{"line":16,"column":32}},{"start":{"line":16,"column":36},"end":{"line":16,"column":57}}],"line":16},"4":{"loc":{"start":{"line":21,"column":27},"end":{"line":21,"column":67}},"type":"cond-expr","locations":[{"start":{"line":21,"column":61},"end":{"line":21,"column":62}},{"start":{"line":21,"column":65},"end":{"line":21,"column":67}}],"line":21},"5":{"loc":{"start":{"line":23,"column":0},"end":{"line":32,"column":1}},"type":"if","locations":[{"start":{"line":23,"column":0},"end":{"line":32,"column":1}},{"start":{},"end":{}}],"line":23}},"s":{"0":1,"1":1,"2":1,"3":1,"4":1,"5":1,"6":1,"7":0,"8":1},"f":{"0":1},"b":{"0":[1,1],"1":[1,1],"2":[1,0],"3":[0,0],"4":[1,0],"5":[0,1]},"_coverageSchema":"1a1c01bbd47fc00a2c39e90264f33305004495a9","hash":"bbb45a16925b25c2c3d16c28698b48f3420f18ed"}
,"/Users/carlmolina/rithm/exercises/wk7/express-jobly/db.js": {"path":"/Users/carlmolina/rithm/exercises/wk7/express-jobly/db.js","statementMap":{"0":{"start":{"line":5,"column":19},"end":{"line":5,"column":32}},"1":{"start":{"line":6,"column":27},"end":{"line":6,"column":46}},"2":{"start":{"line":8,"column":20},"end":{"line":8,"column":36}},"3":{"start":{"line":10,"column":11},"end":{"line":12,"column":2}},"4":{"start":{"line":16,"column":25},"end":{"line":16,"column":43}},"5":{"start":{"line":17,"column":2},"end":{"line":23,"column":3}},"6":{"start":{"line":18,"column":4},"end":{"line":18,"column":23}},"7":{"start":{"line":19,"column":4},"end":{"line":19,"column":39}},"8":{"start":{"line":25,"column":0},"end":{"line":25,"column":12}},"9":{"start":{"line":27,"column":0},"end":{"line":27,"column":20}}},"fnMap":{"0":{"name":"connectDb","decl":{"start":{"line":14,"column":15},"end":{"line":14,"column":24}},"loc":{"start":{"line":14,"column":27},"end":{"line":24,"column":1}},"line":14}},"branchMap":{},"s":{"0":1,"1":1,"2":1,"3":1,"4":1,"5":1,"6":1,"7":1,"8":1,"9":1},"f":{"0":1},"b":{},"_coverageSchema":"1a1c01bbd47fc00a2c39e90264f33305004495a9","hash":"b81a9696cf361b0f82838f9d0752f92972832050"}
,"/Users/carlmolina/rithm/exercises/wk7/express-jobly/expressError.js": {"path":"/Users/carlmolina/rithm/exercises/wk7/express-jobly/expressError.js","statementMap":{"0":{"start":{"line":11,"column":4},"end":{"line":11,"column":12}},"1":{"start":{"line":12,"column":4},"end":{"line":12,"column":27}},"2":{"start":{"line":13,"column":4},"end":{"line":13,"column":25}},"3":{"start":{"line":21,"column":4},"end":{"line":21,"column":24}},"4":{"start":{"line":29,"column":4},"end":{"line":29,"column":24}},"5":{"start":{"line":37,"column":4},"end":{"line":37,"column":24}},"6":{"start":{"line":45,"column":4},"end":{"line":45,"column":24}},"7":{"start":{"line":49,"column":0},"end":{"line":55,"column":2}}},"fnMap":{"0":{"name":"(anonymous_0)","decl":{"start":{"line":10,"column":2},"end":{"line":10,"column":3}},"loc":{"start":{"line":10,"column":31},"end":{"line":14,"column":3}},"line":10},"1":{"name":"(anonymous_1)","decl":{"start":{"line":20,"column":2},"end":{"line":20,"column":3}},"loc":{"start":{"line":20,"column":37},"end":{"line":22,"column":3}},"line":20},"2":{"name":"(anonymous_2)","decl":{"start":{"line":28,"column":2},"end":{"line":28,"column":3}},"loc":{"start":{"line":28,"column":40},"end":{"line":30,"column":3}},"line":28},"3":{"name":"(anonymous_3)","decl":{"start":{"line":36,"column":2},"end":{"line":36,"column":3}},"loc":{"start":{"line":36,"column":39},"end":{"line":38,"column":3}},"line":36},"4":{"name":"(anonymous_4)","decl":{"start":{"line":44,"column":2},"end":{"line":44,"column":3}},"loc":{"start":{"line":44,"column":37},"end":{"line":46,"column":3}},"line":44}},"branchMap":{"0":{"loc":{"start":{"line":20,"column":14},"end":{"line":20,"column":35}},"type":"default-arg","locations":[{"start":{"line":20,"column":24},"end":{"line":20,"column":35}}],"line":20},"1":{"loc":{"start":{"line":28,"column":14},"end":{"line":28,"column":38}},"type":"default-arg","locations":[{"start":{"line":28,"column":24},"end":{"line":28,"column":38}}],"line":28},"2":{"loc":{"start":{"line":36,"column":14},"end":{"line":36,"column":37}},"type":"default-arg","locations":[{"start":{"line":36,"column":24},"end":{"line":36,"column":37}}],"line":36},"3":{"loc":{"start":{"line":44,"column":14},"end":{"line":44,"column":35}},"type":"default-arg","locations":[{"start":{"line":44,"column":24},"end":{"line":44,"column":35}}],"line":44}},"s":{"0":5,"1":5,"2":5,"3":3,"4":0,"5":2,"6":0,"7":1},"f":{"0":5,"1":3,"2":0,"3":2,"4":0},"b":{"0":[0],"1":[0],"2":[0],"3":[0]},"_coverageSchema":"1a1c01bbd47fc00a2c39e90264f33305004495a9","hash":"47c7c044393194ef0b174fcdb8bfe292e1c21eee"}
,"/Users/carlmolina/rithm/exercises/wk7/express-jobly/helpers/sql.js": {"path":"/Users/carlmolina/rithm/exercises/wk7/express-jobly/helpers/sql.js","statementMap":{"0":{"start":{"line":3,"column":28},"end":{"line":3,"column":54}},"1":{"start":{"line":28,"column":15},"end":{"line":28,"column":40}},"2":{"start":{"line":29,"column":2},"end":{"line":31,"column":3}},"3":{"start":{"line":30,"column":4},"end":{"line":30,"column":41}},"4":{"start":{"line":34,"column":15},"end":{"line":36,"column":3}},"5":{"start":{"line":35,"column":6},"end":{"line":35,"column":52}},"6":{"start":{"line":38,"column":2},"end":{"line":41,"column":4}},"7":{"start":{"line":44,"column":0},"end":{"line":44,"column":41}}},"fnMap":{"0":{"name":"sqlForPartialUpdate","decl":{"start":{"line":27,"column":9},"end":{"line":27,"column":28}},"loc":{"start":{"line":27,"column":52},"end":{"line":42,"column":1}},"line":27},"1":{"name":"(anonymous_1)","decl":{"start":{"line":34,"column":24},"end":{"line":34,"column":25}},"loc":{"start":{"line":35,"column":6},"end":{"line":35,"column":52}},"line":35}},"branchMap":{"0":{"loc":{"start":{"line":29,"column":2},"end":{"line":31,"column":3}},"type":"if","locations":[{"start":{"line":29,"column":2},"end":{"line":31,"column":3}},{"start":{},"end":{}}],"line":29},"1":{"loc":{"start":{"line":35,"column":10},"end":{"line":35,"column":37}},"type":"binary-expr","locations":[{"start":{"line":35,"column":10},"end":{"line":35,"column":26}},{"start":{"line":35,"column":30},"end":{"line":35,"column":37}}],"line":35}},"s":{"0":1,"1":4,"2":4,"3":1,"4":3,"5":12,"6":3,"7":1},"f":{"0":4,"1":12},"b":{"0":[1,3],"1":[12,6]},"_coverageSchema":"1a1c01bbd47fc00a2c39e90264f33305004495a9","hash":"3b9372adfd5e0a5362b7ea15affd7eb8b69f60da"}
,"/Users/carlmolina/rithm/exercises/wk7/express-jobly/models/_testCommon.js": {"path":"/Users/carlmolina/rithm/exercises/wk7/express-jobly/models/_testCommon.js","statementMap":{"0":{"start":{"line":3,"column":15},"end":{"line":3,"column":32}},"1":{"start":{"line":5,"column":11},"end":{"line":5,"column":30}},"2":{"start":{"line":6,"column":31},"end":{"line":6,"column":51}},"3":{"start":{"line":10,"column":2},"end":{"line":10,"column":42}},"4":{"start":{"line":12,"column":2},"end":{"line":12,"column":38}},"5":{"start":{"line":14,"column":2},"end":{"line":18,"column":57}},"6":{"start":{"line":20,"column":2},"end":{"line":31,"column":5}},"7":{"start":{"line":35,"column":2},"end":{"line":35,"column":26}},"8":{"start":{"line":39,"column":2},"end":{"line":39,"column":29}},"9":{"start":{"line":43,"column":2},"end":{"line":43,"column":17}},"10":{"start":{"line":47,"column":0},"end":{"line":52,"column":2}}},"fnMap":{"0":{"name":"commonBeforeAll","decl":{"start":{"line":8,"column":15},"end":{"line":8,"column":30}},"loc":{"start":{"line":8,"column":33},"end":{"line":32,"column":1}},"line":8},"1":{"name":"commonBeforeEach","decl":{"start":{"line":34,"column":15},"end":{"line":34,"column":31}},"loc":{"start":{"line":34,"column":34},"end":{"line":36,"column":1}},"line":34},"2":{"name":"commonAfterEach","decl":{"start":{"line":38,"column":15},"end":{"line":38,"column":30}},"loc":{"start":{"line":38,"column":33},"end":{"line":40,"column":1}},"line":38},"3":{"name":"commonAfterAll","decl":{"start":{"line":42,"column":15},"end":{"line":42,"column":29}},"loc":{"start":{"line":42,"column":32},"end":{"line":44,"column":1}},"line":42}},"branchMap":{},"s":{"0":1,"1":1,"2":1,"3":1,"4":1,"5":1,"6":1,"7":17,"8":17,"9":1,"10":1},"f":{"0":1,"1":17,"2":17,"3":1},"b":{},"_coverageSchema":"1a1c01bbd47fc00a2c39e90264f33305004495a9","hash":"a5f9e02eb780caed2786c955c9ae95ab2495af85"}
,"/Users/carlmolina/rithm/exercises/wk7/express-jobly/models/company.js": {"path":"/Users/carlmolina/rithm/exercises/wk7/express-jobly/models/company.js","statementMap":{"0":{"start":{"line":3,"column":11},"end":{"line":3,"column":27}},"1":{"start":{"line":4,"column":43},"end":{"line":4,"column":69}},"2":{"start":{"line":5,"column":32},"end":{"line":5,"column":57}},"3":{"start":{"line":20,"column":27},"end":{"line":23,"column":37}},"4":{"start":{"line":25,"column":4},"end":{"line":26,"column":64}},"5":{"start":{"line":26,"column":6},"end":{"line":26,"column":64}},"6":{"start":{"line":28,"column":19},"end":{"line":47,"column":5}},"7":{"start":{"line":48,"column":20},"end":{"line":48,"column":34}},"8":{"start":{"line":50,"column":4},"end":{"line":50,"column":19}},"9":{"start":{"line":60,"column":53},"end":{"line":60,"column":58}},"10":{"start":{"line":62,"column":12},"end":{"line":68,"column":19}},"11":{"start":{"line":70,"column":18},"end":{"line":70,"column":20}},"12":{"start":{"line":72,"column":4},"end":{"line":72,"column":59}},"13":{"start":{"line":72,"column":18},"end":{"line":72,"column":59}},"14":{"start":{"line":73,"column":4},"end":{"line":73,"column":48}},"15":{"start":{"line":73,"column":18},"end":{"line":73,"column":48}},"16":{"start":{"line":75,"column":4},"end":{"line":75,"column":69}},"17":{"start":{"line":75,"column":22},"end":{"line":75,"column":69}},"18":{"start":{"line":76,"column":4},"end":{"line":76,"column":56}},"19":{"start":{"line":76,"column":22},"end":{"line":76,"column":56}},"20":{"start":{"line":78,"column":4},"end":{"line":78,"column":69}},"21":{"start":{"line":78,"column":22},"end":{"line":78,"column":69}},"22":{"start":{"line":79,"column":4},"end":{"line":79,"column":56}},"23":{"start":{"line":79,"column":22},"end":{"line":79,"column":56}},"24":{"start":{"line":81,"column":4},"end":{"line":83,"column":5}},"25":{"start":{"line":82,"column":6},"end":{"line":82,"column":43}},"26":{"start":{"line":85,"column":4},"end":{"line":85,"column":26}},"27":{"start":{"line":87,"column":25},"end":{"line":87,"column":46}},"28":{"start":{"line":90,"column":4},"end":{"line":90,"column":29}},"29":{"start":{"line":102,"column":23},"end":{"line":109,"column":37}},"30":{"start":{"line":111,"column":20},"end":{"line":111,"column":38}},"31":{"start":{"line":113,"column":4},"end":{"line":113,"column":67}},"32":{"start":{"line":113,"column":18},"end":{"line":113,"column":67}},"33":{"start":{"line":115,"column":4},"end":{"line":115,"column":19}},"34":{"start":{"line":131,"column":32},"end":{"line":136,"column":10}},"35":{"start":{"line":137,"column":25},"end":{"line":137,"column":50}},"36":{"start":{"line":139,"column":21},"end":{"line":148,"column":34}},"37":{"start":{"line":149,"column":19},"end":{"line":149,"column":64}},"38":{"start":{"line":150,"column":20},"end":{"line":150,"column":34}},"39":{"start":{"line":152,"column":4},"end":{"line":152,"column":67}},"40":{"start":{"line":152,"column":18},"end":{"line":152,"column":67}},"41":{"start":{"line":154,"column":4},"end":{"line":154,"column":19}},"42":{"start":{"line":163,"column":19},"end":{"line":167,"column":36}},"43":{"start":{"line":168,"column":20},"end":{"line":168,"column":34}},"44":{"start":{"line":170,"column":4},"end":{"line":170,"column":67}},"45":{"start":{"line":170,"column":18},"end":{"line":170,"column":67}},"46":{"start":{"line":175,"column":0},"end":{"line":175,"column":25}}},"fnMap":{"0":{"name":"(anonymous_0)","decl":{"start":{"line":19,"column":2},"end":{"line":19,"column":3}},"loc":{"start":{"line":19,"column":76},"end":{"line":51,"column":3}},"line":19},"1":{"name":"(anonymous_1)","decl":{"start":{"line":58,"column":2},"end":{"line":58,"column":3}},"loc":{"start":{"line":58,"column":35},"end":{"line":91,"column":3}},"line":58},"2":{"name":"(anonymous_2)","decl":{"start":{"line":101,"column":2},"end":{"line":101,"column":3}},"loc":{"start":{"line":101,"column":27},"end":{"line":116,"column":3}},"line":101},"3":{"name":"(anonymous_3)","decl":{"start":{"line":130,"column":2},"end":{"line":130,"column":3}},"loc":{"start":{"line":130,"column":36},"end":{"line":155,"column":3}},"line":130},"4":{"name":"(anonymous_4)","decl":{"start":{"line":162,"column":2},"end":{"line":162,"column":3}},"loc":{"start":{"line":162,"column":30},"end":{"line":171,"column":3}},"line":162}},"branchMap":{"0":{"loc":{"start":{"line":25,"column":4},"end":{"line":26,"column":64}},"type":"if","locations":[{"start":{"line":25,"column":4},"end":{"line":26,"column":64}},{"start":{},"end":{}}],"line":25},"1":{"loc":{"start":{"line":58,"column":23},"end":{"line":58,"column":33}},"type":"default-arg","locations":[{"start":{"line":58,"column":31},"end":{"line":58,"column":33}}],"line":58},"2":{"loc":{"start":{"line":72,"column":4},"end":{"line":72,"column":59}},"type":"if","locations":[{"start":{"line":72,"column":4},"end":{"line":72,"column":59}},{"start":{},"end":{}}],"line":72},"3":{"loc":{"start":{"line":73,"column":4},"end":{"line":73,"column":48}},"type":"if","locations":[{"start":{"line":73,"column":4},"end":{"line":73,"column":48}},{"start":{},"end":{}}],"line":73},"4":{"loc":{"start":{"line":75,"column":4},"end":{"line":75,"column":69}},"type":"if","locations":[{"start":{"line":75,"column":4},"end":{"line":75,"column":69}},{"start":{},"end":{}}],"line":75},"5":{"loc":{"start":{"line":76,"column":4},"end":{"line":76,"column":56}},"type":"if","locations":[{"start":{"line":76,"column":4},"end":{"line":76,"column":56}},{"start":{},"end":{}}],"line":76},"6":{"loc":{"start":{"line":78,"column":4},"end":{"line":78,"column":69}},"type":"if","locations":[{"start":{"line":78,"column":4},"end":{"line":78,"column":69}},{"start":{},"end":{}}],"line":78},"7":{"loc":{"start":{"line":79,"column":4},"end":{"line":79,"column":56}},"type":"if","locations":[{"start":{"line":79,"column":4},"end":{"line":79,"column":56}},{"start":{},"end":{}}],"line":79},"8":{"loc":{"start":{"line":81,"column":4},"end":{"line":83,"column":5}},"type":"if","locations":[{"start":{"line":81,"column":4},"end":{"line":83,"column":5}},{"start":{},"end":{}}],"line":81},"9":{"loc":{"start":{"line":113,"column":4},"end":{"line":113,"column":67}},"type":"if","locations":[{"start":{"line":113,"column":4},"end":{"line":113,"column":67}},{"start":{},"end":{}}],"line":113},"10":{"loc":{"start":{"line":152,"column":4},"end":{"line":152,"column":67}},"type":"if","locations":[{"start":{"line":152,"column":4},"end":{"line":152,"column":67}},{"start":{},"end":{}}],"line":152},"11":{"loc":{"start":{"line":170,"column":4},"end":{"line":170,"column":67}},"type":"if","locations":[{"start":{"line":170,"column":4},"end":{"line":170,"column":67}},{"start":{},"end":{}}],"line":170}},"s":{"0":1,"1":1,"2":1,"3":3,"4":3,"5":1,"6":2,"7":2,"8":2,"9":7,"10":7,"11":7,"12":7,"13":3,"14":7,"15":3,"16":7,"17":1,"18":7,"19":1,"20":7,"21":3,"22":7,"23":3,"24":7,"25":6,"26":7,"27":7,"28":3,"29":2,"30":2,"31":2,"32":1,"33":1,"34":4,"35":3,"36":3,"37":3,"38":3,"39":3,"40":1,"41":2,"42":2,"43":2,"44":2,"45":1,"46":1},"f":{"0":3,"1":7,"2":2,"3":4,"4":2},"b":{"0":[1,2],"1":[1],"2":[3,4],"3":[3,4],"4":[1,6],"5":[1,6],"6":[3,4],"7":[3,4],"8":[6,1],"9":[1,1],"10":[1,2],"11":[1,1]},"_coverageSchema":"1a1c01bbd47fc00a2c39e90264f33305004495a9","hash":"b8db10fe27371e49c505e308f2fb66b68f049ea0"}
}
