TN:
SF:app.js
FN:30,(anonymous_0)
FN:35,(anonymous_1)
FNF:2
FNH:2
FNDA:2,(anonymous_0)
FNDA:34,(anonymous_1)
DA:5,4
DA:6,4
DA:8,4
DA:10,4
DA:11,4
DA:12,4
DA:13,4
DA:15,4
DA:17,4
DA:19,4
DA:20,4
DA:21,4
DA:22,4
DA:24,4
DA:25,4
DA:26,4
DA:30,4
DA:31,2
DA:35,4
DA:36,34
DA:39,34
DA:41,34
DA:46,4
LF:23
LH:23
BRDA:36,0,0,1
BRDA:36,0,1,33
BRF:2
BRH:2
end_of_record
TN:
SF:config.js
FN:13,getDatabaseUri
FNF:1
FNH:1
FNDA:10,getDatabaseUri
DA:5,9
DA:6,9
DA:8,9
DA:10,9
DA:14,10
DA:21,9
DA:23,9
DA:24,1
DA:34,9
LF:9
LH:9
BRDA:8,0,0,9
BRDA:8,0,1,8
BRDA:10,1,0,9
BRDA:10,1,1,8
BRDA:14,2,0,7
BRDA:14,2,1,3
BRDA:16,3,0,3
BRDA:16,3,1,1
BRDA:21,4,0,8
BRDA:21,4,1,1
BRDA:23,5,0,1
BRDA:23,5,1,8
BRF:12
BRH:12
end_of_record
TN:
SF:db.js
FN:14,connectDb
FNF:1
FNH:1
FNDA:6,connectDb
DA:5,6
DA:6,6
DA:8,6
DA:10,6
DA:16,6
DA:17,6
DA:18,6
DA:19,6
DA:25,6
DA:27,6
LF:10
LH:10
BRF:0
BRH:0
end_of_record
TN:
SF:expressError.js
FN:10,(anonymous_0)
FN:20,(anonymous_1)
FN:28,(anonymous_2)
FN:36,(anonymous_3)
FN:44,(anonymous_4)
FNF:5
FNH:4
FNDA:51,(anonymous_0)
FNDA:12,(anonymous_1)
FNDA:24,(anonymous_2)
FNDA:15,(anonymous_3)
FNDA:0,(anonymous_4)
DA:11,51
DA:12,51
DA:13,51
DA:21,12
DA:29,24
DA:37,15
DA:45,0
DA:49,8
LF:8
LH:7
BRDA:20,0,0,2
BRDA:28,1,0,20
BRDA:36,2,0,0
BRDA:44,3,0,0
BRF:4
BRH:2
end_of_record
TN:
SF:helpers/sql.js
FN:25,sqlForPartialUpdate
FN:32,(anonymous_1)
FNF:2
FNH:2
FNDA:14,sqlForPartialUpdate
FNDA:25,(anonymous_1)
DA:3,7
DA:26,14
DA:27,14
DA:28,3
DA:32,11
DA:33,25
DA:36,11
DA:42,7
LF:8
LH:8
BRDA:27,0,0,3
BRDA:27,0,1,11
BRDA:33,1,0,25
BRDA:33,1,1,11
BRF:4
BRH:4
end_of_record
TN:
SF:helpers/tokens.js
FN:8,createToken
FNF:1
FNH:1
FNDA:10,createToken
DA:3,5
DA:4,5
DA:9,10
DA:14,10
DA:17,5
LF:5
LH:5
BRF:0
BRH:0
end_of_record
TN:
SF:middleware/auth.js
FN:18,authenticateJWT
FN:38,ensureLoggedIn
FN:47,ensureAdmin
FNF:3
FNH:3
FNDA:50,authenticateJWT
FNDA:21,ensureLoggedIn
FNDA:14,ensureAdmin
DA:5,5
DA:6,5
DA:7,5
DA:19,50
DA:20,50
DA:21,24
DA:23,24
DA:24,24
DA:29,50
DA:39,21
DA:40,7
DA:48,14
DA:49,13
DA:53,5
LF:14
LH:14
BRDA:20,0,0,24
BRDA:20,0,1,26
BRDA:39,1,0,14
BRDA:39,1,1,7
BRDA:48,2,0,1
BRDA:48,2,1,13
BRF:6
BRH:6
end_of_record
TN:
SF:models/_testCommon.js
FN:8,commonBeforeAll
FN:34,commonBeforeEach
FN:38,commonAfterEach
FN:42,commonAfterAll
FNF:4
FNH:4
FNDA:2,commonBeforeAll
FNDA:36,commonBeforeEach
FNDA:36,commonAfterEach
FNDA:2,commonAfterAll
DA:3,2
DA:5,2
DA:6,2
DA:10,2
DA:12,2
DA:14,2
DA:20,2
DA:35,36
DA:39,36
DA:43,2
DA:47,2
LF:11
LH:11
BRF:0
BRH:0
end_of_record
TN:
SF:models/company.js
FN:19,(anonymous_0)
FN:58,(anonymous_1)
FN:79,(anonymous_2)
FN:130,(anonymous_3)
FN:159,(anonymous_4)
FN:191,(anonymous_5)
FNF:6
FNH:6
FNDA:12,(anonymous_0)
FNDA:5,(anonymous_1)
FNDA:13,(anonymous_2)
FNDA:5,(anonymous_3)
FNDA:4,(anonymous_4)
FNDA:2,(anonymous_5)
DA:3,5
DA:4,5
DA:5,5
DA:20,12
DA:25,12
DA:26,1
DA:28,11
DA:48,11
DA:50,11
DA:63,5
DA:65,5
DA:67,5
DA:69,5
DA:82,13
DA:83,13
DA:84,13
DA:86,13
DA:94,13
DA:95,7
DA:96,7
DA:97,7
DA:100,13
DA:101,6
DA:102,6
DA:103,6
DA:106,13
DA:107,6
DA:108,6
DA:109,6
DA:112,13
DA:113,10
DA:116,13
DA:118,13
DA:131,5
DA:140,5
DA:142,5
DA:144,3
DA:160,4
DA:166,3
DA:168,3
DA:178,3
DA:179,3
DA:181,3
DA:183,2
DA:192,2
DA:197,2
DA:199,2
DA:204,5
LF:48
LH:48
BRDA:25,0,0,1
BRDA:25,0,1,11
BRDA:58,1,0,1
BRDA:94,2,0,7
BRDA:94,2,1,6
BRDA:100,3,0,6
BRDA:100,3,1,7
BRDA:106,4,0,6
BRDA:106,4,1,7
BRDA:112,5,0,10
BRDA:112,5,1,3
BRDA:142,6,0,2
BRDA:142,6,1,3
BRDA:181,7,0,1
BRDA:181,7,1,2
BRDA:199,8,0,1
BRDA:199,8,1,1
BRF:17
BRH:17
end_of_record
TN:
SF:models/user.js
FN:24,(anonymous_0)
FN:58,(anonymous_1)
FN:106,(anonymous_2)
FN:128,(anonymous_3)
FN:163,(anonymous_4)
FN:197,(anonymous_5)
FNF:6
FNH:6
FNDA:7,(anonymous_0)
FNDA:16,(anonymous_1)
FNDA:2,(anonymous_2)
FNDA:4,(anonymous_3)
FNDA:7,(anonymous_4)
FNDA:4,(anonymous_5)
DA:3,5
DA:4,5
DA:5,5
DA:10,5
DA:12,5
DA:26,7
DA:37,7
DA:39,7
DA:41,4
DA:42,4
DA:43,3
DA:44,3
DA:48,4
DA:60,16
DA:66,16
DA:67,1
DA:70,15
DA:72,15
DA:96,15
DA:98,15
DA:107,2
DA:117,2
DA:129,4
DA:139,4
DA:141,4
DA:143,2
DA:164,7
DA:165,2
DA:168,7
DA:175,6
DA:177,6
DA:186,6
DA:187,6
DA:189,6
DA:191,4
DA:192,4
DA:198,4
DA:204,4
DA:206,4
DA:211,5
LF:40
LH:40
BRDA:39,0,0,4
BRDA:39,0,1,3
BRDA:42,1,0,3
BRDA:42,1,1,1
BRDA:66,2,0,1
BRDA:66,2,1,15
BRDA:141,3,0,2
BRDA:141,3,1,2
BRDA:164,4,0,2
BRDA:164,4,1,5
BRDA:189,5,0,2
BRDA:189,5,1,4
BRDA:206,6,0,2
BRDA:206,6,1,2
BRF:14
BRH:14
end_of_record
TN:
SF:routes/_testCommon.js
FN:8,commonBeforeAll
FN:65,commonBeforeEach
FN:69,commonAfterEach
FN:73,commonAfterAll
FNF:4
FNH:4
FNDA:3,commonBeforeAll
FNDA:45,commonBeforeEach
FNDA:45,commonAfterEach
FNDA:3,commonAfterAll
DA:3,3
DA:4,3
DA:5,3
DA:6,3
DA:10,3
DA:12,3
DA:14,3
DA:22,3
DA:30,3
DA:39,3
DA:47,3
DA:55,3
DA:66,45
DA:70,45
DA:74,3
DA:78,3
DA:81,3
LF:17
LH:17
BRF:0
BRH:0
end_of_record
TN:
SF:routes/auth.js
FN:22,(anonymous_0)
FN:29,(anonymous_1)
FN:49,(anonymous_2)
FN:56,(anonymous_3)
FNF:4
FNH:4
FNDA:5,(anonymous_0)
FNDA:2,(anonymous_1)
FNDA:3,(anonymous_2)
FNDA:5,(anonymous_3)
DA:5,4
DA:7,4
DA:8,4
DA:9,4
DA:10,4
DA:11,4
DA:12,4
DA:13,4
DA:22,4
DA:23,5
DA:28,5
DA:29,2
DA:30,2
DA:33,3
DA:34,3
DA:35,1
DA:36,1
DA:49,4
DA:50,3
DA:55,3
DA:56,5
DA:57,2
DA:60,1
DA:61,1
DA:62,1
DA:66,4
LF:26
LH:26
BRDA:28,0,0,2
BRDA:28,0,1,3
BRDA:55,1,0,2
BRDA:55,1,1,1
BRF:4
BRH:4
end_of_record
TN:
SF:routes/companies.js
FN:28,(anonymous_0)
FN:35,(anonymous_1)
FN:54,(anonymous_2)
FN:75,(anonymous_3)
FN:92,(anonymous_4)
FN:108,(anonymous_5)
FN:115,(anonymous_6)
FN:128,(anonymous_7)
FNF:8
FNH:3
FNDA:0,(anonymous_0)
FNDA:0,(anonymous_1)
FNDA:5,(anonymous_2)
FNDA:2,(anonymous_3)
FNDA:3,(anonymous_4)
FNDA:0,(anonymous_5)
FNDA:0,(anonymous_6)
FNDA:0,(anonymous_7)
DA:5,4
DA:6,4
DA:8,4
DA:9,4
DA:10,4
DA:12,4
DA:13,4
DA:14,4
DA:16,4
DA:28,4
DA:29,0
DA:34,0
DA:35,0
DA:36,0
DA:39,0
DA:40,0
DA:54,4
DA:56,5
DA:58,5
DA:59,2
DA:61,5
DA:62,2
DA:65,5
DA:66,1
DA:71,4
DA:74,4
DA:75,2
DA:76,2
DA:79,2
DA:81,2
DA:92,4
DA:93,3
DA:94,2
DA:108,4
DA:109,0
DA:114,0
DA:115,0
DA:116,0
DA:119,0
DA:120,0
DA:128,4
DA:129,0
DA:130,0
DA:134,4
LF:44
LH:30
BRDA:34,0,0,0
BRDA:34,0,1,0
BRDA:58,1,0,2
BRDA:58,1,1,3
BRDA:58,2,0,5
BRDA:58,2,1,3
BRDA:61,3,0,2
BRDA:61,3,1,3
BRDA:61,4,0,5
BRDA:61,4,1,2
BRDA:65,5,0,1
BRDA:65,5,1,4
BRDA:74,6,0,2
BRDA:74,6,1,2
BRDA:114,7,0,0
BRDA:114,7,1,0
BRF:16
BRH:12
end_of_record
TN:
SF:routes/users.js
FN:34,(anonymous_0)
FN:41,(anonymous_1)
FN:58,(anonymous_2)
FN:71,(anonymous_3)
FN:87,(anonymous_4)
FN:94,(anonymous_5)
FN:108,(anonymous_6)
FNF:7
FNH:7
FNDA:4,(anonymous_0)
FNDA:5,(anonymous_1)
FNDA:1,(anonymous_2)
FNDA:2,(anonymous_3)
FNDA:4,(anonymous_4)
FNDA:1,(anonymous_5)
FNDA:2,(anonymous_6)
DA:5,4
DA:7,4
DA:8,4
DA:9,4
DA:10,4
DA:11,4
DA:12,4
DA:13,4
DA:15,4
DA:34,4
DA:35,4
DA:40,4
DA:41,5
DA:42,2
DA:45,2
DA:46,2
DA:47,2
DA:58,4
DA:59,1
DA:60,1
DA:71,4
DA:72,2
DA:73,1
DA:87,4
DA:88,4
DA:93,4
DA:94,1
DA:95,1
DA:98,3
DA:99,2
DA:108,4
DA:109,2
DA:110,1
DA:114,4
LF:34
LH:34
BRDA:40,0,0,2
BRDA:40,0,1,2
BRDA:93,1,0,1
BRDA:93,1,1,3
BRF:4
BRH:4
end_of_record
