TN:
SF:app.js
FN:30,(anonymous_0)
FN:35,(anonymous_1)
FNF:2
FNH:1
FNDA:0,(anonymous_0)
FNDA:12,(anonymous_1)
DA:5,1
DA:6,1
DA:8,1
DA:10,1
DA:11,1
DA:12,1
DA:13,1
DA:15,1
DA:17,1
DA:19,1
DA:20,1
DA:21,1
DA:22,1
DA:24,1
DA:25,1
DA:26,1
DA:30,1
DA:31,0
DA:35,1
DA:36,12
DA:39,12
DA:41,12
DA:46,1
LF:23
LH:22
BRDA:36,0,0,0
BRDA:36,0,1,12
BRF:2
BRH:1
end_of_record
TN:
SF:config.js
FN:13,getDatabaseUri
FNF:1
FNH:1
FNDA:1,getDatabaseUri
DA:5,1
DA:6,1
DA:8,1
DA:10,1
DA:14,1
DA:21,1
DA:23,1
DA:24,0
DA:34,1
LF:9
LH:8
BRDA:8,0,0,1
BRDA:8,0,1,1
BRDA:10,1,0,1
BRDA:10,1,1,1
BRDA:14,2,0,1
BRDA:14,2,1,0
BRDA:16,3,0,0
BRDA:16,3,1,0
BRDA:21,4,0,1
BRDA:21,4,1,0
BRDA:23,5,0,0
BRDA:23,5,1,1
BRF:12
BRH:7
end_of_record
TN:
SF:db.js
FN:14,connectDb
FNF:1
FNH:1
FNDA:1,connectDb
DA:5,1
DA:6,1
DA:8,1
DA:10,1
DA:16,1
DA:17,1
DA:18,1
DA:19,1
DA:25,1
DA:27,1
LF:10
LH:10
BRF:0
BRH:0
end_of_record
TN:
SF:expressError.js
FN:10,(anonymous_0)
FN:20,(anonymous_1)
FN:28,(anonymous_2)
FN:36,(anonymous_3)
FN:44,(anonymous_4)
FNF:5
FNH:4
FNDA:12,(anonymous_0)
FNDA:3,(anonymous_1)
FNDA:2,(anonymous_2)
FNDA:7,(anonymous_3)
FNDA:0,(anonymous_4)
DA:11,12
DA:12,12
DA:13,12
DA:21,3
DA:29,2
DA:37,7
DA:45,0
DA:49,1
LF:8
LH:7
BRDA:20,0,0,0
BRDA:28,1,0,2
BRDA:36,2,0,0
BRDA:44,3,0,0
BRF:4
BRH:1
end_of_record
TN:
SF:helpers/sql.js
FN:25,sqlForPartialUpdate
FN:32,(anonymous_1)
FNF:2
FNH:2
FNDA:2,sqlForPartialUpdate
FNDA:2,(anonymous_1)
DA:3,1
DA:26,2
DA:27,2
DA:28,0
DA:32,2
DA:33,2
DA:36,2
DA:42,1
LF:8
LH:7
BRDA:27,0,0,0
BRDA:27,0,1,2
BRDA:33,1,0,2
BRDA:33,1,1,2
BRF:4
BRH:3
end_of_record
TN:
SF:helpers/tokens.js
FN:8,createToken
FNF:1
FNH:1
FNDA:1,createToken
DA:3,1
DA:4,1
DA:9,1
DA:14,1
DA:17,1
LF:5
LH:5
BRF:0
BRH:0
end_of_record
TN:
SF:middleware/auth.js
FN:18,authenticateJWT
FN:38,ensureLoggedIn
FNF:2
FNH:2
FNDA:19,authenticateJWT
FNDA:11,ensureLoggedIn
DA:5,1
DA:6,1
DA:7,1
DA:19,19
DA:20,19
DA:21,9
DA:23,9
DA:24,9
DA:29,19
DA:39,11
DA:40,2
DA:44,1
LF:12
LH:12
BRDA:20,0,0,9
BRDA:20,0,1,10
BRDA:39,1,0,9
BRDA:39,1,1,2
BRF:4
BRH:4
end_of_record
TN:
SF:models/company.js
FN:19,(anonymous_0)
FN:58,(anonymous_1)
FN:95,(anonymous_2)
FN:124,(anonymous_3)
FN:156,(anonymous_4)
FNF:5
FNH:5
FNDA:4,(anonymous_0)
FNDA:2,(anonymous_1)
FNDA:3,(anonymous_2)
FNDA:2,(anonymous_3)
FNDA:2,(anonymous_4)
DA:3,1
DA:4,1
DA:5,1
DA:20,4
DA:25,4
DA:26,0
DA:28,4
DA:48,4
DA:50,4
DA:60,2
DA:62,2
DA:70,2
DA:72,2
DA:73,2
DA:74,2
DA:76,2
DA:77,1
DA:80,2
DA:82,2
DA:84,2
DA:96,3
DA:105,3
DA:107,3
DA:109,2
DA:125,2
DA:131,2
DA:133,2
DA:143,2
DA:144,2
DA:146,2
DA:148,1
DA:157,2
DA:162,2
DA:164,2
DA:169,1
LF:35
LH:34
BRDA:25,0,0,0
BRDA:25,0,1,4
BRDA:58,1,0,0
BRDA:72,2,0,1
BRDA:72,2,1,1
BRDA:73,3,0,1
BRDA:73,3,1,1
BRDA:74,4,0,1
BRDA:74,4,1,1
BRDA:76,5,0,1
BRDA:76,5,1,1
BRDA:107,6,0,1
BRDA:107,6,1,2
BRDA:146,7,0,1
BRDA:146,7,1,1
BRDA:164,8,0,1
BRDA:164,8,1,1
BRF:17
BRH:15
end_of_record
TN:
SF:models/user.js
FN:24,(anonymous_0)
FN:58,(anonymous_1)
FN:106,(anonymous_2)
FN:128,(anonymous_3)
FN:163,(anonymous_4)
FN:197,(anonymous_5)
FNF:6
FNH:1
FNDA:0,(anonymous_0)
FNDA:3,(anonymous_1)
FNDA:0,(anonymous_2)
FNDA:0,(anonymous_3)
FNDA:0,(anonymous_4)
FNDA:0,(anonymous_5)
DA:3,1
DA:4,1
DA:5,1
DA:10,1
DA:12,1
DA:26,0
DA:37,0
DA:39,0
DA:41,0
DA:42,0
DA:43,0
DA:44,0
DA:48,0
DA:60,3
DA:66,3
DA:67,0
DA:70,3
DA:72,3
DA:96,3
DA:98,3
DA:107,0
DA:117,0
DA:129,0
DA:139,0
DA:141,0
DA:143,0
DA:164,0
DA:165,0
DA:168,0
DA:175,0
DA:177,0
DA:186,0
DA:187,0
DA:189,0
DA:191,0
DA:192,0
DA:198,0
DA:204,0
DA:206,0
DA:211,1
LF:40
LH:12
BRDA:39,0,0,0
BRDA:39,0,1,0
BRDA:42,1,0,0
BRDA:42,1,1,0
BRDA:66,2,0,0
BRDA:66,2,1,3
BRDA:141,3,0,0
BRDA:141,3,1,0
BRDA:164,4,0,0
BRDA:164,4,1,0
BRDA:189,5,0,0
BRDA:189,5,1,0
BRDA:206,6,0,0
BRDA:206,6,1,0
BRF:14
BRH:1
end_of_record
TN:
SF:routes/_testCommon.js
FN:8,commonBeforeAll
FN:65,commonBeforeEach
FN:69,commonAfterEach
FN:73,commonAfterAll
FNF:4
FNH:4
FNDA:1,commonBeforeAll
FNDA:19,commonBeforeEach
FNDA:19,commonAfterEach
FNDA:1,commonAfterAll
DA:3,1
DA:4,1
DA:5,1
DA:6,1
DA:10,1
DA:12,1
DA:14,1
DA:22,1
DA:30,1
DA:39,1
DA:47,1
DA:55,1
DA:66,19
DA:70,19
DA:74,1
DA:78,1
DA:81,1
LF:17
LH:17
BRF:0
BRH:0
end_of_record
TN:
SF:routes/auth.js
FN:22,(anonymous_0)
FN:29,(anonymous_1)
FN:49,(anonymous_2)
FN:56,(anonymous_3)
FNF:4
FNH:0
FNDA:0,(anonymous_0)
FNDA:0,(anonymous_1)
FNDA:0,(anonymous_2)
FNDA:0,(anonymous_3)
DA:5,1
DA:7,1
DA:8,1
DA:9,1
DA:10,1
DA:11,1
DA:12,1
DA:13,1
DA:22,1
DA:23,0
DA:28,0
DA:29,0
DA:30,0
DA:33,0
DA:34,0
DA:35,0
DA:36,0
DA:49,1
DA:50,0
DA:55,0
DA:56,0
DA:57,0
DA:60,0
DA:61,0
DA:62,0
DA:66,1
LF:26
LH:11
BRDA:28,0,0,0
BRDA:28,0,1,0
BRDA:55,1,0,0
BRDA:55,1,1,0
BRF:4
BRH:0
end_of_record
TN:
SF:routes/companies.js
FN:28,(anonymous_0)
FN:35,(anonymous_1)
FN:54,(anonymous_2)
FN:74,(anonymous_3)
FN:91,(anonymous_4)
FN:107,(anonymous_5)
FN:114,(anonymous_6)
FN:127,(anonymous_7)
FNF:8
FNH:8
FNDA:3,(anonymous_0)
FNDA:3,(anonymous_1)
FNDA:5,(anonymous_2)
FNDA:2,(anonymous_3)
FNDA:3,(anonymous_4)
FNDA:4,(anonymous_5)
FNDA:2,(anonymous_6)
FNDA:2,(anonymous_7)
DA:5,1
DA:6,1
DA:8,1
DA:9,1
DA:10,1
DA:12,1
DA:13,1
DA:14,1
DA:16,1
DA:28,1
DA:29,3
DA:34,3
DA:35,3
DA:36,2
DA:39,1
DA:40,1
DA:54,1
DA:56,5
DA:58,5
DA:59,2
DA:61,5
DA:62,2
DA:65,5
DA:66,1
DA:69,4
DA:73,4
DA:74,2
DA:75,2
DA:78,2
DA:80,2
DA:91,1
DA:92,3
DA:93,2
DA:107,1
DA:108,4
DA:113,4
DA:114,2
DA:115,2
DA:118,2
DA:119,1
DA:127,1
DA:128,2
DA:129,1
DA:133,1
LF:44
LH:44
BRDA:34,0,0,2
BRDA:34,0,1,1
BRDA:58,1,0,2
BRDA:58,1,1,3
BRDA:58,2,0,5
BRDA:58,2,1,3
BRDA:61,3,0,2
BRDA:61,3,1,3
BRDA:61,4,0,5
BRDA:61,4,1,2
BRDA:65,5,0,1
BRDA:65,5,1,4
BRDA:73,6,0,2
BRDA:73,6,1,2
BRDA:113,7,0,2
BRDA:113,7,1,2
BRF:16
BRH:16
end_of_record
TN:
SF:routes/users.js
FN:30,(anonymous_0)
FN:37,(anonymous_1)
FN:54,(anonymous_2)
FN:67,(anonymous_3)
FN:83,(anonymous_4)
FN:90,(anonymous_5)
FN:104,(anonymous_6)
FNF:7
FNH:0
FNDA:0,(anonymous_0)
FNDA:0,(anonymous_1)
FNDA:0,(anonymous_2)
FNDA:0,(anonymous_3)
FNDA:0,(anonymous_4)
FNDA:0,(anonymous_5)
FNDA:0,(anonymous_6)
DA:5,1
DA:7,1
DA:8,1
DA:9,1
DA:10,1
DA:11,1
DA:12,1
DA:13,1
DA:15,1
DA:30,1
DA:31,0
DA:36,0
DA:37,0
DA:38,0
DA:41,0
DA:42,0
DA:43,0
DA:54,1
DA:55,0
DA:56,0
DA:67,1
DA:68,0
DA:69,0
DA:83,1
DA:84,0
DA:89,0
DA:90,0
DA:91,0
DA:94,0
DA:95,0
DA:104,1
DA:105,0
DA:106,0
DA:110,1
LF:34
LH:15
BRDA:36,0,0,0
BRDA:36,0,1,0
BRDA:89,1,0,0
BRDA:89,1,1,0
BRF:4
BRH:0
end_of_record
